# JRE version: OpenJDK Runtime Environment AdoptOpenJDK (14.0.1+7) (build 14.0.1+7)
# Java VM: OpenJDK 64-Bit Server VM AdoptOpenJDK (14.0.1+7, mixed mode, sharing, tiered, compressed oops, g1 gc, bsd-amd64)
Heap:
 garbage-first heap   total 65536K, used 47768K [0x00000007e0000000, 0x0000000800000000)
  region size 1024K, 30 young (30720K), 4 survivors (4096K)
 Metaspace       used 34750K, capacity 35668K, committed 35888K, reserved 1081344K
  class space    used 4522K, capacity 4872K, committed 4992K, reserved 1048576K
GC Heap History (20 events):
Event: 1.817 GC heap before
{Heap before GC invocations=1 (full 0):
 garbage-first heap   total 264192K, used 18985K [0x00000007e0000000, 0x0000000800000000)
  region size 1024K, 12 young (12288K), 2 survivors (2048K)
 Metaspace       used 4797K, capacity 6539K, committed 6784K, reserved 1056768K
  class space    used 626K, capacity 788K, committed 896K, reserved 1048576K
}
Event: 1.821 GC heap after
{Heap after GC invocations=2 (full 0):
 garbage-first heap   total 264192K, used 11121K [0x00000007e0000000, 0x0000000800000000)
  region size 1024K, 2 young (2048K), 2 survivors (2048K)
 Metaspace       used 4797K, capacity 6539K, committed 6784K, reserved 1056768K
  class space    used 626K, capacity 788K, committed 896K, reserved 1048576K
}
Event: 2.615 GC heap before
{Heap before GC invocations=2 (full 0):
 garbage-first heap   total 264192K, used 35697K [0x00000007e0000000, 0x0000000800000000)
  region size 1024K, 26 young (26624K), 2 survivors (2048K)
 Metaspace       used 8239K, capacity 9267K, committed 9472K, reserved 1056768K
  class space    used 1055K, capacity 1209K, committed 1280K, reserved 1048576K
}
Event: 2.617 GC heap after
{Heap after GC invocations=3 (full 0):
 garbage-first heap   total 264192K, used 12009K [0x00000007e0000000, 0x0000000800000000)
  region size 1024K, 3 young (3072K), 3 survivors (3072K)
 Metaspace       used 8239K, capacity 9267K, committed 9472K, reserved 1056768K
  class space    used 1055K, capacity 1209K, committed 1280K, reserved 1048576K
}
Event: 10.364 GC heap before
{Heap before GC invocations=3 (full 0):
 garbage-first heap   total 264192K, used 112361K [0x00000007e0000000, 0x0000000800000000)
  region size 1024K, 103 young (105472K), 3 survivors (3072K)
 Metaspace       used 20678K, capacity 21224K, committed 21296K, reserved 1067008K
  class space    used 2669K, capacity 2916K, committed 2944K, reserved 1048576K
}
Event: 10.370 GC heap after
{Heap after GC invocations=4 (full 0):
 garbage-first heap   total 264192K, used 16262K [0x00000007e0000000, 0x0000000800000000)
  region size 1024K, 7 young (7168K), 7 survivors (7168K)
 Metaspace       used 20678K, capacity 21224K, committed 21296K, reserved 1067008K
  class space    used 2669K, capacity 2916K, committed 2944K, reserved 1048576K
}
Event: 10.985 GC heap before
{Heap before GC invocations=5 (full 0):
 garbage-first heap   total 65536K, used 48006K [0x00000007e0000000, 0x0000000800000000)
  region size 1024K, 38 young (38912K), 7 survivors (7168K)
 Metaspace       used 22976K, capacity 23560K, committed 23728K, reserved 1069056K
  class space    used 3057K, capacity 3307K, committed 3328K, reserved 1048576K
}
Event: 10.996 GC heap after
{Heap after GC invocations=6 (full 0):
 garbage-first heap   total 65536K, used 17459K [0x00000007e0000000, 0x0000000800000000)
  region size 1024K, 2 young (2048K), 2 survivors (2048K)
 Metaspace       used 22976K, capacity 23560K, committed 23728K, reserved 1069056K
  class space    used 3057K, capacity 3307K, committed 3328K, reserved 1048576K
}
Event: 11.648 GC heap before
{Heap before GC invocations=6 (full 0):
 garbage-first heap   total 65536K, used 45107K [0x00000007e0000000, 0x0000000800000000)
  region size 1024K, 29 young (29696K), 2 survivors (2048K)
 Metaspace       used 25423K, capacity 26075K, committed 26288K, reserved 1073152K
  class space    used 3329K, capacity 3569K, committed 3584K, reserved 1048576K
}
Event: 11.651 GC heap after
{Heap after GC invocations=7 (full 0):
 garbage-first heap   total 65536K, used 18174K [0x00000007e0000000, 0x0000000800000000)
  region size 1024K, 3 young (3072K), 3 survivors (3072K)
 Metaspace       used 25423K, capacity 26075K, committed 26288K, reserved 1073152K
  class space    used 3329K, capacity 3569K, committed 3584K, reserved 1048576K
}
Event: 11.993 GC heap before
{Heap before GC invocations=7 (full 0):
 garbage-first heap   total 65536K, used 45822K [0x00000007e0000000, 0x0000000800000000)
  region size 1024K, 31 young (31744K), 3 survivors (3072K)
 Metaspace       used 26800K, capacity 27490K, committed 27696K, reserved 1073152K
  class space    used 3461K, capacity 3699K, committed 3712K, reserved 1048576K
}
Event: 11.995 GC heap after
{Heap after GC invocations=8 (full 0):
 garbage-first heap   total 65536K, used 18855K [0x00000007e0000000, 0x0000000800000000)
  region size 1024K, 3 young (3072K), 3 survivors (3072K)
 Metaspace       used 26800K, capacity 27490K, committed 27696K, reserved 1073152K
  class space    used 3461K, capacity 3699K, committed 3712K, reserved 1048576K
}
Event: 12.130 GC heap before
{Heap before GC invocations=8 (full 0):
 garbage-first heap   total 65536K, used 47527K [0x00000007e0000000, 0x0000000800000000)
  region size 1024K, 32 young (32768K), 3 survivors (3072K)
 Metaspace       used 27591K, capacity 28290K, committed 28592K, reserved 1075200K
  class space    used 3546K, capacity 3795K, committed 3840K, reserved 1048576K
}
Event: 12.133 GC heap after
{Heap after GC invocations=9 (full 0):
 garbage-first heap   total 65536K, used 19068K [0x00000007e0000000, 0x0000000800000000)
  region size 1024K, 2 young (2048K), 2 survivors (2048K)
 Metaspace       used 27591K, capacity 28290K, committed 28592K, reserved 1075200K
  class space    used 3546K, capacity 3795K, committed 3840K, reserved 1048576K
}
Event: 12.737 GC heap before
{Heap before GC invocations=9 (full 0):
 garbage-first heap   total 65536K, used 49788K [0x00000007e0000000, 0x0000000800000000)
  region size 1024K, 32 young (32768K), 2 survivors (2048K)
 Metaspace       used 29625K, capacity 30314K, committed 30384K, reserved 1075200K
  class space    used 3824K, capacity 4085K, committed 4096K, reserved 1048576K
}
Event: 12.739 GC heap after
{Heap after GC invocations=10 (full 0):
 garbage-first heap   total 65536K, used 20288K [0x00000007e0000000, 0x0000000800000000)
  region size 1024K, 4 young (4096K), 4 survivors (4096K)
 Metaspace       used 29625K, capacity 30314K, committed 30384K, reserved 1075200K
  class space    used 3824K, capacity 4085K, committed 4096K, reserved 1048576K
}
Event: 13.170 GC heap before
{Heap before GC invocations=10 (full 0):
 garbage-first heap   total 65536K, used 49984K [0x00000007e0000000, 0x0000000800000000)
  region size 1024K, 33 young (33792K), 4 survivors (4096K)
 Metaspace       used 30365K, capacity 31180K, committed 31280K, reserved 1077248K
  class space    used 3902K, capacity 4195K, committed 4224K, reserved 1048576K
}
Event: 13.173 GC heap after
{Heap after GC invocations=11 (full 0):
 garbage-first heap   total 65536K, used 20640K [0x00000007e0000000, 0x0000000800000000)
  region size 1024K, 3 young (3072K), 3 survivors (3072K)
 Metaspace       used 30365K, capacity 31180K, committed 31280K, reserved 1077248K
  class space    used 3902K, capacity 4195K, committed 4224K, reserved 1048576K
}
Event: 13.798 GC heap before
{Heap before GC invocations=11 (full 0):
 garbage-first heap   total 65536K, used 51360K [0x00000007e0000000, 0x0000000800000000)
  region size 1024K, 33 young (33792K), 3 survivors (3072K)
 Metaspace       used 32721K, capacity 33633K, committed 33712K, reserved 1079296K
  class space    used 4240K, capacity 4580K, committed 4608K, reserved 1048576K
}
Event: 13.801 GC heap after
{Heap after GC invocations=12 (full 0):
 garbage-first heap   total 65536K, used 22168K [0x00000007e0000000, 0x0000000800000000)
  region size 1024K, 4 young (4096K), 4 survivors (4096K)
 Metaspace       used 32721K, capacity 33633K, committed 33712K, reserved 1079296K
  class space    used 4240K, capacity 4580K, committed 4608K, reserved 1048576K
}

